<?xml version="1.0" encoding="UTF-8"?>
<!-- Generated by org.testng.reporters.JUnitReportReporter -->
<testsuite hostname="DESKTOP-LDL2DIN" failures="0" tests="1" name="automation.verizon_jenkins.AppTest" time="0.003" errors="0" timestamp="2023-07-26T12:40:02 IST" skipped="0">
  <testcase classname="automation.verizon_jenkins.AppTest" name="shouldAnswerWithTrue" time="0.003"/>
</testsuite> <!-- automation.verizon_jenkins.AppTest -->
